<?xml version="1.0" encoding="UTF-8"?>
<coverage generated="1622684630645" clover="3.2.0">
  <project timestamp="1622684630645" name="All files">
    <metrics statements="34" coveredstatements="23" conditionals="26" coveredconditionals="17" methods="10" coveredmethods="6" elements="70" coveredelements="46" complexity="0" loc="34" ncloc="34" packages="1" files="1" classes="1"/>
    <file name="animals.js" path="/Users/arnaut/UCB-bootcamp/zookeeper/lib/animals.js">
      <metrics statements="34" coveredstatements="23" conditionals="26" coveredconditionals="17" methods="10" coveredmethods="6"/>
      <line num="1" count="1" type="stmt"/>
      <line num="2" count="1" type="stmt"/>
      <line num="5" count="1" type="stmt"/>
      <line num="7" count="1" type="stmt"/>
      <line num="8" count="1" type="cond" truecount="1" falsecount="1"/>
      <line num="11" count="0" type="cond" truecount="0" falsecount="2"/>
      <line num="12" count="0" type="stmt"/>
      <line num="14" count="0" type="stmt"/>
      <line num="17" count="0" type="stmt"/>
      <line num="25" count="0" type="stmt"/>
      <line num="26" count="0" type="stmt"/>
      <line num="30" count="1" type="cond" truecount="1" falsecount="1"/>
      <line num="31" count="0" type="stmt"/>
      <line num="33" count="1" type="cond" truecount="1" falsecount="1"/>
      <line num="34" count="2" type="stmt"/>
      <line num="36" count="1" type="cond" truecount="1" falsecount="1"/>
      <line num="37" count="0" type="stmt"/>
      <line num="39" count="1" type="stmt"/>
      <line num="43" count="2" type="stmt"/>
      <line num="44" count="1" type="stmt"/>
      <line num="48" count="1" type="stmt"/>
      <line num="49" count="1" type="stmt"/>
      <line num="51" count="1" type="stmt"/>
      <line num="56" count="1" type="stmt"/>
      <line num="60" count="2" type="cond" truecount="3" falsecount="1"/>
      <line num="61" count="0" type="stmt"/>
      <line num="63" count="2" type="cond" truecount="3" falsecount="1"/>
      <line num="64" count="0" type="stmt"/>
      <line num="66" count="2" type="cond" truecount="3" falsecount="1"/>
      <line num="67" count="0" type="stmt"/>
      <line num="69" count="2" type="cond" truecount="4" falsecount="0"/>
      <line num="70" count="1" type="stmt"/>
      <line num="72" count="1" type="stmt"/>
      <line num="75" count="1" type="stmt"/>
    </file>
  </project>
</coverage>
