{"/Users/arnaut/UCB-bootcamp/zookeeper/lib/animals.js": {"path":"/Users/arnaut/UCB-bootcamp/zookeeper/lib/animals.js","statementMap":{"0":{"start":{"line":1,"column":11},"end":{"line":1,"column":24}},"1":{"start":{"line":2,"column":13},"end":{"line":2,"column":28}},"2":{"start":{"line":5,"column":33},"end":{"line":5,"column":35}},"3":{"start":{"line":7,"column":26},"end":{"line":7,"column":38}},"4":{"start":{"line":8,"column":4},"end":{"line":29,"column":5}},"5":{"start":{"line":11,"column":8},"end":{"line":15,"column":9}},"6":{"start":{"line":12,"column":12},"end":{"line":12,"column":63}},"7":{"start":{"line":14,"column":12},"end":{"line":14,"column":61}},"8":{"start":{"line":17,"column":8},"end":{"line":28,"column":11}},"9":{"start":{"line":25,"column":12},"end":{"line":27,"column":14}},"10":{"start":{"line":26,"column":26},"end":{"line":26,"column":72}},"11":{"start":{"line":30,"column":4},"end":{"line":32,"column":5}},"12":{"start":{"line":31,"column":6},"end":{"line":31,"column":85}},"13":{"start":{"line":31,"column":57},"end":{"line":31,"column":83}},"14":{"start":{"line":33,"column":4},"end":{"line":35,"column":5}},"15":{"start":{"line":34,"column":6},"end":{"line":34,"column":91}},"16":{"start":{"line":34,"column":57},"end":{"line":34,"column":89}},"17":{"start":{"line":36,"column":4},"end":{"line":38,"column":5}},"18":{"start":{"line":37,"column":6},"end":{"line":37,"column":85}},"19":{"start":{"line":37,"column":57},"end":{"line":37,"column":83}},"20":{"start":{"line":39,"column":4},"end":{"line":39,"column":27}},"21":{"start":{"line":43,"column":19},"end":{"line":43,"column":69}},"22":{"start":{"line":43,"column":49},"end":{"line":43,"column":65}},"23":{"start":{"line":44,"column":4},"end":{"line":44,"column":18}},"24":{"start":{"line":48,"column":19},"end":{"line":48,"column":23}},"25":{"start":{"line":49,"column":4},"end":{"line":49,"column":30}},"26":{"start":{"line":51,"column":4},"end":{"line":54,"column":6}},"27":{"start":{"line":56,"column":4},"end":{"line":56,"column":18}},"28":{"start":{"line":60,"column":4},"end":{"line":62,"column":5}},"29":{"start":{"line":61,"column":8},"end":{"line":61,"column":21}},"30":{"start":{"line":63,"column":4},"end":{"line":65,"column":5}},"31":{"start":{"line":64,"column":8},"end":{"line":64,"column":21}},"32":{"start":{"line":66,"column":4},"end":{"line":68,"column":5}},"33":{"start":{"line":67,"column":8},"end":{"line":67,"column":21}},"34":{"start":{"line":69,"column":4},"end":{"line":71,"column":5}},"35":{"start":{"line":70,"column":8},"end":{"line":70,"column":21}},"36":{"start":{"line":72,"column":4},"end":{"line":72,"column":16}},"37":{"start":{"line":75,"column":0},"end":{"line":80,"column":4}}},"fnMap":{"0":{"name":"filterByQuery","decl":{"start":{"line":4,"column":9},"end":{"line":4,"column":22}},"loc":{"start":{"line":4,"column":44},"end":{"line":40,"column":1}},"line":4},"1":{"name":"(anonymous_1)","decl":{"start":{"line":17,"column":39},"end":{"line":17,"column":40}},"loc":{"start":{"line":17,"column":48},"end":{"line":28,"column":9}},"line":17},"2":{"name":"(anonymous_2)","decl":{"start":{"line":26,"column":16},"end":{"line":26,"column":17}},"loc":{"start":{"line":26,"column":26},"end":{"line":26,"column":72}},"line":26},"3":{"name":"(anonymous_3)","decl":{"start":{"line":31,"column":47},"end":{"line":31,"column":48}},"loc":{"start":{"line":31,"column":57},"end":{"line":31,"column":83}},"line":31},"4":{"name":"(anonymous_4)","decl":{"start":{"line":34,"column":47},"end":{"line":34,"column":48}},"loc":{"start":{"line":34,"column":57},"end":{"line":34,"column":89}},"line":34},"5":{"name":"(anonymous_5)","decl":{"start":{"line":37,"column":47},"end":{"line":37,"column":48}},"loc":{"start":{"line":37,"column":57},"end":{"line":37,"column":83}},"line":37},"6":{"name":"findById","decl":{"start":{"line":42,"column":9},"end":{"line":42,"column":17}},"loc":{"start":{"line":42,"column":36},"end":{"line":45,"column":1}},"line":42},"7":{"name":"(anonymous_7)","decl":{"start":{"line":43,"column":39},"end":{"line":43,"column":40}},"loc":{"start":{"line":43,"column":49},"end":{"line":43,"column":65}},"line":43},"8":{"name":"createNewAnimal","decl":{"start":{"line":47,"column":9},"end":{"line":47,"column":24}},"loc":{"start":{"line":47,"column":45},"end":{"line":57,"column":1}},"line":47},"9":{"name":"validateAnimal","decl":{"start":{"line":59,"column":9},"end":{"line":59,"column":23}},"loc":{"start":{"line":59,"column":32},"end":{"line":73,"column":1}},"line":59}},"branchMap":{"0":{"loc":{"start":{"line":8,"column":4},"end":{"line":29,"column":5}},"type":"if","locations":[{"start":{"line":8,"column":4},"end":{"line":29,"column":5}},{"start":{"line":8,"column":4},"end":{"line":29,"column":5}}],"line":8},"1":{"loc":{"start":{"line":11,"column":8},"end":{"line":15,"column":9}},"type":"if","locations":[{"start":{"line":11,"column":8},"end":{"line":15,"column":9}},{"start":{"line":11,"column":8},"end":{"line":15,"column":9}}],"line":11},"2":{"loc":{"start":{"line":30,"column":4},"end":{"line":32,"column":5}},"type":"if","locations":[{"start":{"line":30,"column":4},"end":{"line":32,"column":5}},{"start":{"line":30,"column":4},"end":{"line":32,"column":5}}],"line":30},"3":{"loc":{"start":{"line":33,"column":4},"end":{"line":35,"column":5}},"type":"if","locations":[{"start":{"line":33,"column":4},"end":{"line":35,"column":5}},{"start":{"line":33,"column":4},"end":{"line":35,"column":5}}],"line":33},"4":{"loc":{"start":{"line":36,"column":4},"end":{"line":38,"column":5}},"type":"if","locations":[{"start":{"line":36,"column":4},"end":{"line":38,"column":5}},{"start":{"line":36,"column":4},"end":{"line":38,"column":5}}],"line":36},"5":{"loc":{"start":{"line":60,"column":4},"end":{"line":62,"column":5}},"type":"if","locations":[{"start":{"line":60,"column":4},"end":{"line":62,"column":5}},{"start":{"line":60,"column":4},"end":{"line":62,"column":5}}],"line":60},"6":{"loc":{"start":{"line":60,"column":8},"end":{"line":60,"column":55}},"type":"binary-expr","locations":[{"start":{"line":60,"column":8},"end":{"line":60,"column":20}},{"start":{"line":60,"column":24},"end":{"line":60,"column":55}}],"line":60},"7":{"loc":{"start":{"line":63,"column":4},"end":{"line":65,"column":5}},"type":"if","locations":[{"start":{"line":63,"column":4},"end":{"line":65,"column":5}},{"start":{"line":63,"column":4},"end":{"line":65,"column":5}}],"line":63},"8":{"loc":{"start":{"line":63,"column":8},"end":{"line":63,"column":61}},"type":"binary-expr","locations":[{"start":{"line":63,"column":8},"end":{"line":63,"column":23}},{"start":{"line":63,"column":27},"end":{"line":63,"column":61}}],"line":63},"9":{"loc":{"start":{"line":66,"column":4},"end":{"line":68,"column":5}},"type":"if","locations":[{"start":{"line":66,"column":4},"end":{"line":68,"column":5}},{"start":{"line":66,"column":4},"end":{"line":68,"column":5}}],"line":66},"10":{"loc":{"start":{"line":66,"column":8},"end":{"line":66,"column":55}},"type":"binary-expr","locations":[{"start":{"line":66,"column":8},"end":{"line":66,"column":20}},{"start":{"line":66,"column":24},"end":{"line":66,"column":55}}],"line":66},"11":{"loc":{"start":{"line":69,"column":4},"end":{"line":71,"column":5}},"type":"if","locations":[{"start":{"line":69,"column":4},"end":{"line":71,"column":5}},{"start":{"line":69,"column":4},"end":{"line":71,"column":5}}],"line":69},"12":{"loc":{"start":{"line":69,"column":8},"end":{"line":69,"column":77}},"type":"binary-expr","locations":[{"start":{"line":69,"column":8},"end":{"line":69,"column":33}},{"start":{"line":69,"column":37},"end":{"line":69,"column":77}}],"line":69}},"s":{"0":1,"1":1,"2":1,"3":1,"4":1,"5":0,"6":0,"7":0,"8":0,"9":0,"10":0,"11":1,"12":0,"13":0,"14":1,"15":1,"16":2,"17":1,"18":0,"19":0,"20":1,"21":1,"22":2,"23":1,"24":1,"25":1,"26":1,"27":1,"28":2,"29":0,"30":2,"31":0,"32":2,"33":0,"34":2,"35":1,"36":1,"37":1},"f":{"0":1,"1":0,"2":0,"3":0,"4":2,"5":0,"6":1,"7":2,"8":1,"9":2},"b":{"0":[0,1],"1":[0,0],"2":[0,1],"3":[1,0],"4":[0,1],"5":[0,2],"6":[2,2],"7":[0,2],"8":[2,2],"9":[0,2],"10":[2,2],"11":[1,1],"12":[2,1]},"_coverageSchema":"1a1c01bbd47fc00a2c39e90264f33305004495a9","hash":"aa5540462815c925d620b0bce3253c30e3019436"}
}
