TN:
SF:lib/animals.js
FN:4,filterByQuery
FN:17,(anonymous_1)
FN:26,(anonymous_2)
FN:31,(anonymous_3)
FN:34,(anonymous_4)
FN:37,(anonymous_5)
FN:42,findById
FN:43,(anonymous_7)
FN:47,createNewAnimal
FN:59,validateAnimal
FNF:10
FNH:6
FNDA:1,filterByQuery
FNDA:0,(anonymous_1)
FNDA:0,(anonymous_2)
FNDA:0,(anonymous_3)
FNDA:2,(anonymous_4)
FNDA:0,(anonymous_5)
FNDA:1,findById
FNDA:2,(anonymous_7)
FNDA:1,createNewAnimal
FNDA:2,validateAnimal
DA:1,1
DA:2,1
DA:5,1
DA:7,1
DA:8,1
DA:11,0
DA:12,0
DA:14,0
DA:17,0
DA:25,0
DA:26,0
DA:30,1
DA:31,0
DA:33,1
DA:34,2
DA:36,1
DA:37,0
DA:39,1
DA:43,2
DA:44,1
DA:48,1
DA:49,1
DA:51,1
DA:56,1
DA:60,2
DA:61,0
DA:63,2
DA:64,0
DA:66,2
DA:67,0
DA:69,2
DA:70,1
DA:72,1
DA:75,1
LF:34
LH:23
BRDA:8,0,0,0
BRDA:8,0,1,1
BRDA:11,1,0,0
BRDA:11,1,1,0
BRDA:30,2,0,0
BRDA:30,2,1,1
BRDA:33,3,0,1
BRDA:33,3,1,0
BRDA:36,4,0,0
BRDA:36,4,1,1
BRDA:60,5,0,0
BRDA:60,5,1,2
BRDA:60,6,0,2
BRDA:60,6,1,2
BRDA:63,7,0,0
BRDA:63,7,1,2
BRDA:63,8,0,2
BRDA:63,8,1,2
BRDA:66,9,0,0
BRDA:66,9,1,2
BRDA:66,10,0,2
BRDA:66,10,1,2
BRDA:69,11,0,1
BRDA:69,11,1,1
BRDA:69,12,0,2
BRDA:69,12,1,1
BRF:26
BRH:17
end_of_record
